{"numTotalTestSuites":15,"numPassedTestSuites":15,"numFailedTestSuites":0,"numPendingTestSuites":0,"numTotalTests":15,"numPassedTests":15,"numFailedTests":0,"numPendingTests":0,"numTodoTests":0,"snapshot":{"added":0,"failure":false,"filesAdded":0,"filesRemoved":0,"filesRemovedList":[],"filesUnmatched":0,"filesUpdated":0,"matched":0,"total":0,"unchecked":0,"uncheckedKeysByFile":[],"unmatched":0,"updated":0,"didUpdate":false},"startTime":1766414339101,"success":true,"testResults":[{"assertionResults":[{"ancestorTitles":["useCategoryService","Derived State"],"fullName":"useCategoryService Derived State correctly filters income and expense categories","status":"passed","title":"correctly filters income and expense categories","duration":45.03569999999945,"failureMessages":[],"meta":{}},{"ancestorTitles":["useCategoryService","Derived State"],"fullName":"useCategoryService Derived State handles null categories data gracefully","status":"passed","title":"handles null categories data gracefully","duration":6.082699999999932,"failureMessages":[],"meta":{}},{"ancestorTitles":["useCategoryService","saveCategory"],"fullName":"useCategoryService saveCategory calls updateCategory when id is present","status":"passed","title":"calls updateCategory when id is present","duration":12.261199999999917,"failureMessages":[],"meta":{}},{"ancestorTitles":["useCategoryService","saveCategory"],"fullName":"useCategoryService saveCategory calls createCategory when id is missing","status":"passed","title":"calls createCategory when id is missing","duration":4.778299999999945,"failureMessages":[],"meta":{}},{"ancestorTitles":["useCategoryService","saveCategory"],"fullName":"useCategoryService saveCategory throws error when saving new category without familyId","status":"passed","title":"throws error when saving new category without familyId","duration":11.507599999999911,"failureMessages":[],"meta":{}}],"startTime":1766414343214,"endTime":1766414343294.5076,"status":"passed","message":"","name":"C:/_personal/myfamilyspendings/src/service/__tests__/useCategory.service.test.ts"},{"assertionResults":[{"ancestorTitles":["useDashboardService"],"fullName":"useDashboardService returns combined dashboard data","status":"passed","title":"returns combined dashboard data","duration":48.97069999999985,"failureMessages":[],"meta":{}}],"startTime":1766414343200,"endTime":1766414343248.9707,"status":"passed","message":"","name":"C:/_personal/myfamilyspendings/src/service/__tests__/useDashboard.service.test.ts"},{"assertionResults":[{"ancestorTitles":["useProposalService"],"fullName":"useProposalService returns proposals, approvals and family members data","status":"passed","title":"returns proposals, approvals and family members data","duration":71.99159999999983,"failureMessages":[],"meta":{}},{"ancestorTitles":["useProposalService","Actions"],"fullName":"useProposalService Actions calls createProposalAsync with correct data","status":"passed","title":"calls createProposalAsync with correct data","duration":7.451799999999821,"failureMessages":[],"meta":{}},{"ancestorTitles":["useProposalService","Actions"],"fullName":"useProposalService Actions calls voteProposalAsync with correct data","status":"passed","title":"calls voteProposalAsync with correct data","duration":5.834699999999884,"failureMessages":[],"meta":{}}],"startTime":1766414343151,"endTime":1766414343236.8347,"status":"passed","message":"","name":"C:/_personal/myfamilyspendings/src/service/__tests__/useProposal.service.test.ts"},{"assertionResults":[{"ancestorTitles":["useSubscriptionService"],"fullName":"useSubscriptionService returns subscriptions and bank accounts data","status":"passed","title":"returns subscriptions and bank accounts data","duration":49.15560000000005,"failureMessages":[],"meta":{}},{"ancestorTitles":["useSubscriptionService","Subscription Actions"],"fullName":"useSubscriptionService Subscription Actions calls addSubscription with correct data","status":"passed","title":"calls addSubscription with correct data","duration":11.881199999999808,"failureMessages":[],"meta":{}},{"ancestorTitles":["useSubscriptionService","Subscription Actions"],"fullName":"useSubscriptionService Subscription Actions throws error in addSubscription if familyId or user is missing","status":"passed","title":"throws error in addSubscription if familyId or user is missing","duration":0.5403999999998632,"failureMessages":[],"meta":{}}],"startTime":1766414343201,"endTime":1766414343262.5403,"status":"passed","message":"","name":"C:/_personal/myfamilyspendings/src/service/__tests__/useSubscription.service.test.ts"},{"assertionResults":[{"ancestorTitles":["useTransactionService"],"fullName":"useTransactionService returns transactions and balance data","status":"passed","title":"returns transactions and balance data","duration":46.63709999999992,"failureMessages":[],"meta":{}},{"ancestorTitles":["useTransactionService","Actions"],"fullName":"useTransactionService Actions calls addTransactionAsync with correct data","status":"passed","title":"calls addTransactionAsync with correct data","duration":10.945799999999963,"failureMessages":[],"meta":{}},{"ancestorTitles":["useTransactionService","Actions"],"fullName":"useTransactionService Actions calls deleteTransactionAsync with correct id","status":"passed","title":"calls deleteTransactionAsync with correct id","duration":5.792500000000018,"failureMessages":[],"meta":{}}],"startTime":1766414343202,"endTime":1766414343264.7925,"status":"passed","message":"","name":"C:/_personal/myfamilyspendings/src/service/__tests__/useTransaction.service.test.ts"}]}